<?xml version="1.0" encoding="UTF-8"?>
<!-- Generated by org.testng.reporters.JUnitReportReporter -->
<testsuite skipped="0" hostname="npunosevac" name="tests.TestAboutUs" tests="1" failures="0" timestamp="08 jun 2021 19:51:05 GMT" time="9.091" errors="0">
  <testcase name="testAboutUsPage" time="9.091" classname="tests.TestAboutUs"/>
</testsuite> <!-- tests.TestAboutUs -->
