<?xml version="1.0" encoding="UTF-8"?>
<!-- Generated by org.testng.reporters.JUnitReportReporter -->
<testsuite skipped="0" hostname="npunosevac" name="tests.TestHomePage" tests="2" failures="0" timestamp="08 jun 2021 13:14:52 GMT" time="8.412" errors="0">
  <testcase name="testHomePage" time="7.089" classname="tests.TestHomePage"/>
  <testcase name="testLoginPage" time="1.323" classname="tests.TestHomePage"/>
</testsuite> <!-- tests.TestHomePage -->
