<?xml version="1.0" encoding="UTF-8"?>
<!-- Generated by org.testng.reporters.JUnitReportReporter -->
<testsuite skipped="0" hostname="npunosevac" name="tests.TestAddEmployeePhoto" tests="1" failures="0" timestamp="08 jun 2021 19:52:48 GMT" time="23.922" errors="0">
  <testcase name="testAddEmployeePhoto" time="23.922" classname="tests.TestAddEmployeePhoto"/>
</testsuite> <!-- tests.TestAddEmployeePhoto -->
