<?xml version="1.0" encoding="UTF-8"?>
<!-- Generated by org.testng.reporters.JUnitReportReporter -->
<testsuite skipped="0" hostname="npunosevac" name="tests.TestMainMenu" tests="9" failures="0" timestamp="08 jun 2021 19:44:58 GMT" time="22.489" errors="0">
  <testcase name="testDashboardLink" time="9.298" classname="tests.TestMainMenu"/>
  <testcase name="testShiftPlanningLink" time="3.751" classname="tests.TestMainMenu"/>
  <testcase name="testTimeClockLink" time="0.642" classname="tests.TestMainMenu"/>
  <testcase name="testLeaveLink" time="1.591" classname="tests.TestMainMenu"/>
  <testcase name="testTrainingLink" time="0.890" classname="tests.TestMainMenu"/>
  <testcase name="testStaffLink" time="4.420" classname="tests.TestMainMenu"/>
  <testcase name="testPayrollLink" time="0.308" classname="tests.TestMainMenu"/>
  <testcase name="testReportsLink" time="0.610" classname="tests.TestMainMenu"/>
  <testcase name="testAvailabilityLink" time="0.979" classname="tests.TestMainMenu"/>
</testsuite> <!-- tests.TestMainMenu -->
