<?xml version="1.0" encoding="UTF-8"?>
<!-- Generated by org.testng.reporters.JUnitReportReporter -->
<testsuite skipped="0" hostname="npunosevac" name="tests.TestAddingEmployeesFromList" tests="1" failures="0" timestamp="08 jun 2021 16:29:42 GMT" time="47.391" errors="0">
  <testcase name="testAddEmployeeFromList" time="47.391" classname="tests.TestAddingEmployeesFromList"/>
</testsuite> <!-- tests.TestAddingEmployeesFromList -->
