<?xml version="1.0" encoding="UTF-8"?>
<!-- Generated by org.testng.reporters.JUnitReportReporter -->
<testsuite skipped="0" hostname="npunosevac" name="tests.TestNotifications" tests="1" failures="0" timestamp="08 jun 2021 16:26:57 GMT" time="11.931" errors="0">
  <testcase name="testNotifications" time="11.931" classname="tests.TestNotifications"/>
</testsuite> <!-- tests.TestNotifications -->
