<?xml version="1.0" encoding="UTF-8"?>
<!-- Generated by org.testng.reporters.JUnitReportReporter -->
<testsuite skipped="0" hostname="npunosevac" name="tests.TestProfile" tests="1" failures="0" timestamp="08 jun 2021 13:19:04 GMT" time="11.057" errors="0">
  <testcase name="testSetProfile" time="11.057" classname="tests.TestProfile"/>
</testsuite> <!-- tests.TestProfile -->
