<?xml version="1.0" encoding="UTF-8"?>
<!-- Generated by org.testng.reporters.JUnitReportReporter -->
<testsuite skipped="0" hostname="npunosevac" name="tests.TestChangingEmployeeName" tests="1" failures="0" timestamp="08 jun 2021 20:11:02 GMT" time="13.319" errors="0">
  <testcase name="testChangingEmployeeName" time="13.319" classname="tests.TestChangingEmployeeName"/>
</testsuite> <!-- tests.TestChangingEmployeeName -->
